#
# There is insufficient memory for the Java Runtime Environment to continue.
# Native memory allocation (malloc) failed to allocate 1048576 bytes for AllocateHeap
# Possible reasons:
#   The system is out of physical RAM or swap space
#   In 32 bit mode, the process size limit was hit
# Possible solutions:
#   Reduce memory load on the system
#   Increase physical memory or swap space
#   Check if swap backing store is full
#   Use 64 bit Java on a 64 bit OS
#   Decrease Java heap size (-Xmx/-Xms)
#   Decrease number of Java threads
#   Decrease Java thread stack sizes (-Xss)
#   Set larger code cache with -XX:ReservedCodeCacheSize=
# This output file may be truncated or incomplete.
#
#  Out of Memory Error (memory/allocation.inline.hpp:61), pid=2932, tid=0x0000000000002628
#
# JRE version:  (8.0) (build )
# Java VM: OpenJDK 64-Bit Server VM (25.71-b00 mixed mode windows-amd64 compressed oops)
# Failed to write core dump. Minidumps are not enabled by default on client versions of Windows
#

---------------  T H R E A D  ---------------

Current thread (0x00000000046f2800):  JavaThread "Unknown thread" [_thread_in_vm, id=9768, stack(0x00000000045f0000,0x00000000046f0000)]

Stack: [0x00000000045f0000,0x00000000046f0000]
[error occurred during error reporting (printing stack bounds), id 0xc0000005]

Native frames: (J=compiled Java code, j=interpreted, Vv=VM code, C=native code)


---------------  P R O C E S S  ---------------

Java Threads: ( => current thread )

Other Threads:

=>0x00000000046f2800 (exited) JavaThread "Unknown thread" [_thread_in_vm, id=9768, stack(0x00000000045f0000,0x00000000046f0000)]

VM state:not at safepoint (normal execution)

VM Mutex/Monitor currently owned by a thread: None

Heap:
 PSYoungGen      total 38400K, used 665K [0x000000076ab00000, 0x000000076d580000, 0x00000007c0000000)
  eden space 33280K, 2% used [0x000000076ab00000,0x000000076aba6670,0x000000076cb80000)
  from space 5120K, 0% used [0x000000076d080000,0x000000076d080000,0x000000076d580000)
  to   space 5120K, 0% used [0x000000076cb80000,0x000000076cb80000,0x000000076d080000)
 ParOldGen       total 87552K, used 0K [0x00000006c0000000, 0x00000006c5580000, 0x000000076ab00000)
  object space 87552K, 0% used [0x00000006c0000000,0x00000006c0000000,0x00000006c5580000)
 Metaspace       used 777K, capacity 4480K, committed 4480K, reserved 1056768K
  class space    used 74K, capacity 384K, committed 384K, reserved 1048576K

Card table byte_map: [0x0000000013bb0000,0x00000000143c0000] byte_map_base: 0x00000000105b0000

Marking Bits: (ParMarkBitMap*) 0x0000000051c7be50
 Begin Bits: [0x0000000014d20000, 0x0000000018d20000)
 End Bits:   [0x0000000018d20000, 0x000000001cd20000)

Polling page: 0x00000000027a0000

CodeCache: size=245760Kb used=328Kb max_used=328Kb free=245431Kb
 bounds [0x00000000047f0000, 0x0000000004a60000, 0x00000000137f0000]
 total_blobs=57 nmethods=0 adapters=38
 compilation: enabled

Compilation events (0 events):
No events

GC Heap History (0 events):
No events

Deoptimization events (0 events):
No events

Classes redefined (0 events):
No events

Internal exceptions (0 events):
No events

Events (10 events):
Event: 0.026 loading class java/lang/Short
Event: 0.026 loading class java/lang/Short done
Event: 0.026 loading class java/lang/Integer
Event: 0.026 loading class java/lang/Integer done
Event: 0.026 loading class java/lang/Long
Event: 0.027 loading class java/lang/Long done
Event: 0.027 loading class java/lang/NullPointerException
Event: 0.027 loading class java/lang/NullPointerException done
Event: 0.027 loading class java/lang/ArithmeticException
Event: 0.027 loading class java/lang/ArithmeticException done


Dynamic libraries:
0x00007ff6fd340000 - 0x00007ff6fd375000 	F:\Unity\2018.3.9f1\Editor\Data\PlaybackEngines\AndroidPlayer\Tools\OpenJDK\Windows\bin\java.exe
0x00007ff98e550000 - 0x00007ff98e730000 	C:\WINDOWS\SYSTEM32\ntdll.dll
0x00007ff98b1f0000 - 0x00007ff98b29e000 	C:\WINDOWS\System32\KERNEL32.DLL
0x00007ff98ae50000 - 0x00007ff98b0b6000 	C:\WINDOWS\System32\KERNELBASE.dll
0x00007ff98cc10000 - 0x00007ff98ccb1000 	C:\WINDOWS\System32\ADVAPI32.dll
0x00007ff98e480000 - 0x00007ff98e51d000 	C:\WINDOWS\System32\msvcrt.dll
0x00007ff98d9a0000 - 0x00007ff98d9fb000 	C:\WINDOWS\System32\sechost.dll
0x00007ff98e050000 - 0x00007ff98e16f000 	C:\WINDOWS\System32\RPCRT4.dll
0x00007ff98d680000 - 0x00007ff98d80f000 	C:\WINDOWS\System32\USER32.dll
0x00007ff98b0c0000 - 0x00007ff98b0e0000 	C:\WINDOWS\System32\win32u.dll
0x00007ff98ccc0000 - 0x00007ff98cce8000 	C:\WINDOWS\System32\GDI32.dll
0x00007ff98ac30000 - 0x00007ff98adc3000 	C:\WINDOWS\System32\gdi32full.dll
0x00007ff98ab90000 - 0x00007ff98ac2b000 	C:\WINDOWS\System32\msvcp_win.dll
0x00007ff98aa30000 - 0x00007ff98ab24000 	C:\WINDOWS\System32\ucrtbase.dll
0x00007ff9837f0000 - 0x00007ff983a59000 	C:\WINDOWS\WinSxS\amd64_microsoft.windows.common-controls_6595b64144ccf1df_6.0.16299.1087_none_0f9074b65a6589b7\COMCTL32.dll
0x00007ff98da00000 - 0x00007ff98dd06000 	C:\WINDOWS\System32\combase.dll
0x00007ff98add0000 - 0x00007ff98ae42000 	C:\WINDOWS\System32\bcryptPrimitives.dll
0x00007ff98dd80000 - 0x00007ff98ddad000 	C:\WINDOWS\System32\IMM32.DLL
0x0000000051d00000 - 0x0000000051dd2000 	F:\Unity\2018.3.9f1\Editor\Data\PlaybackEngines\AndroidPlayer\Tools\OpenJDK\Windows\jre\bin\msvcr100.dll
0x00000000514b0000 - 0x0000000051cf9000 	F:\Unity\2018.3.9f1\Editor\Data\PlaybackEngines\AndroidPlayer\Tools\OpenJDK\Windows\jre\bin\server\jvm.dll
0x00007ff98d820000 - 0x00007ff98d828000 	C:\WINDOWS\System32\PSAPI.DLL
0x00007ff97ab60000 - 0x00007ff97ab83000 	C:\WINDOWS\SYSTEM32\WINMM.dll
0x00007ff980270000 - 0x00007ff980279000 	C:\WINDOWS\SYSTEM32\WSOCK32.dll
0x00007ff985cc0000 - 0x00007ff985cca000 	C:\WINDOWS\SYSTEM32\VERSION.dll
0x00007ff98dd10000 - 0x00007ff98dd7c000 	C:\WINDOWS\System32\WS2_32.dll
0x00007ff97ab00000 - 0x00007ff97ab2a000 	C:\WINDOWS\SYSTEM32\winmmbase.dll
0x00007ff98a1e0000 - 0x00007ff98a22a000 	C:\WINDOWS\System32\cfgmgr32.dll
0x00007ff983d10000 - 0x00007ff983d1f000 	F:\Unity\2018.3.9f1\Editor\Data\PlaybackEngines\AndroidPlayer\Tools\OpenJDK\Windows\jre\bin\verify.dll
0x00007ff9635c0000 - 0x00007ff9635e9000 	F:\Unity\2018.3.9f1\Editor\Data\PlaybackEngines\AndroidPlayer\Tools\OpenJDK\Windows\jre\bin\java.dll
0x00007ff962d60000 - 0x00007ff962d76000 	F:\Unity\2018.3.9f1\Editor\Data\PlaybackEngines\AndroidPlayer\Tools\OpenJDK\Windows\jre\bin\zip.dll

VM Arguments:
jvm_args: -Xmx4096M -Dcom.android.sdkmanager.toolsdir=C:\Users\1111\AppData\Local\Android\Sdk\tools -Dfile.encoding=UTF8 
java_command: F:\Unity\2018.3.9f1\Editor\Data\PlaybackEngines\AndroidPlayer/Tools\sdktools.jar -
java_class_path (initial): F:\Unity\2018.3.9f1\Editor\Data\PlaybackEngines\AndroidPlayer/Tools\sdktools.jar
Launcher Type: SUN_STANDARD

Environment Variables:
JAVA_HOME=F:\Unity\2018.3.9f1\Editor\Data\PlaybackEngines\AndroidPlayer/Tools\OpenJDK\Windows
USERNAME=1111
OS=Windows_NT
PROCESSOR_IDENTIFIER=Intel64 Family 6 Model 58 Stepping 9, GenuineIntel



---------------  S Y S T E M  ---------------

OS: Windows 10.0 , 64 bit Build 16299 (10.0.16299.1087)

CPU:total 4 (initial active 4) (4 cores per cpu, 1 threads per core) family 6 model 58 stepping 9, cmov, cx8, fxsr, mmx, sse, sse2, sse3, ssse3, sse4.1, sse4.2, popcnt, avx, aes, clmul, erms, tsc, tscinvbit, tscinv

Memory: 4k page, physical 8350048k(1122080k free), swap 10447200k(5128k free)

vm_info: OpenJDK 64-Bit Server VM (25.71-b00) for windows-amd64 JRE (1.8.0-adoptopenjdk-_2018_05_19_00_59-b00), built on May 19 2018 01:02:12 by "jenkins" with MS VC++ 10.0 (VS2010)

time: Wed Dec 14 01:04:00 2022
elapsed time: 0 seconds (0d 0h 0m 0s)

